<?xml version="1.0" encoding="UTF-8"?>
<!-- Generated by org.testng.reporters.JUnitXMLReporter -->
<testsuite ignored="1" hostname="DESKTOP-CFBCV8Q" failures="0" tests="2" name="Default test" time="14.2" errors="0" timestamp="2023-07-29T15:11:17 IST">
  <testcase classname="RaahulShettyAcademyy.tests.SubmitOrderTest" name="submitOrder" time="7.463"/>
  <testcase classname="RaahulShettyAcademyy.tests.SubmitOrderTest" name="submitOrder" time="6.134"/>
  <testcase classname="RaahulShettyAcademyy.tests.SubmitOrderTest" name="OrderHistoryTest" time="0.0">
    <ignored/>
  </testcase> <!-- OrderHistoryTest -->
</testsuite> <!-- Default test -->
