<?xml version="1.0" encoding="UTF-8"?>
<!-- Generated by org.testng.reporters.JUnitXMLReporter -->
<testsuite ignored="1" hostname="DESKTOP-CFBCV8Q" failures="0" tests="2" name="Test" time="20.362" errors="0" timestamp="2023-08-05T22:50:32 IST">
  <testcase classname="RaahulShettyAcademyy.tests.SubmitOrderTest" name="submitOrder" time="9.735"/>
  <testcase classname="RaahulShettyAcademyy.tests.SubmitOrderTest" name="submitOrder" time="9.973"/>
  <testcase classname="RaahulShettyAcademyy.tests.SubmitOrderTest" name="OrderHistoryTest" time="0.0">
    <ignored/>
  </testcase> <!-- OrderHistoryTest -->
</testsuite> <!-- Test -->
